Added Component: Designator=J1(FCI_10118193-0001LF)
Add component (AddParameter): Name = "Availability"; Value = "In Stock"; VariantName = "[No Variations]"
Add component (AddParameter): Name = "Check_prices"; Value = "https://www.snapeda.com/parts/10118193-0001LF/Amphenol+FCI/view-part/?ref=eda"; VariantName = "[No Variations]"
Add component (AddParameter): Name = "MF"; Value = "FCI"; VariantName = "[No Variations]"
Add component (AddParameter): Name = "MP"; Value = "10118193-0001LF"; VariantName = "[No Variations]"
Add component (AddParameter): Name = "Package"; Value = "None"; VariantName = "[No Variations]"
Add component (AddParameter): Name = "Price"; Value = "None"; VariantName = "[No Variations]"
Add component (AddParameter): Name = "Purchase-URL"; Value = "https://pricing.snapeda.com/search/part/10118193-0001LF/?ref=eda"; VariantName = "[No Variations]"
Add component (AddParameter): Name = "SnapEDA_Link"; Value = "https://www.snapeda.com/parts/10118193-0001LF/Amphenol+FCI/view-part/?ref=snap"; VariantName = "[No Variations]"
Add component (AddParameter): Name = "Value"; Value = ""; VariantName = "[No Variations]"
Added Component: Designator=U1(MODULE_ESP32-WROOM-32)
Add component (AddParameter): Name = "Availability"; Value = "In Stock"; VariantName = "[No Variations]"
Add component (AddParameter): Name = "Check_prices"; Value = "https://www.snapeda.com/parts/ESP32-WROOM-32/Espressif+Systems/view-part/?ref=eda"; VariantName = "[No Variations]"
Add component (AddParameter): Name = "MF"; Value = "Espressif Systems"; VariantName = "[No Variations]"
Add component (AddParameter): Name = "MP"; Value = "ESP32-WROOM-32"; VariantName = "[No Variations]"
Add component (AddParameter): Name = "Package"; Value = "Module Espressif Systems"; VariantName = "[No Variations]"
Add component (AddParameter): Name = "Price"; Value = "None"; VariantName = "[No Variations]"
Add component (AddParameter): Name = "Purchase-URL"; Value = "https://pricing.snapeda.com/search/part/ESP32-WROOM-32/?ref=eda"; VariantName = "[No Variations]"
Add component (AddParameter): Name = "SnapEDA_Link"; Value = "https://www.snapeda.com/parts/ESP32-WROOM-32/Espressif+Systems/view-part/?ref=snap"; VariantName = "[No Variations]"
Add component (AddParameter): Name = "Value"; Value = ""; VariantName = "[No Variations]"
Added Pin To Net: NetName=GND Pin=J1-5
Added Pin To Net: NetName=GND Pin=U1-39_21
Added Net: Name=GND
Added Net: Name=NetD1_1
Added Net: Name=NetD2_1
Added Net: Name=NetD3_1
Added Net: Name=NetD4_1
Added Net: Name=NetD5_1
Added Net: Name=NetD6_1
Added Net: Name=NetD7_1
Added Net: Name=NetD8_1
Added Net: Name=NetD9_1
Added Net: Name=NetD10_1
Added Pin To Net: NetName=NetR1_1 Pin=U1-25
Added Net: Name=NetR1_1
Added Pin To Net: NetName=NetR2_1 Pin=U1-24
Added Net: Name=NetR2_1
Added Pin To Net: NetName=NetR3_1 Pin=U1-26
Added Net: Name=NetR3_1
Added Pin To Net: NetName=NetR4_1 Pin=U1-29
Added Net: Name=NetR4_1
Added Pin To Net: NetName=NetR5_1 Pin=U1-14
Added Net: Name=NetR5_1
Added Pin To Net: NetName=NetR6_1 Pin=U1-16
Added Net: Name=NetR6_1
Added Pin To Net: NetName=NetR7_1 Pin=U1-13
Added Net: Name=NetR7_1
Added Pin To Net: NetName=NetR8_1 Pin=U1-23
Added Net: Name=NetR8_1
Added Pin To Net: NetName=NetR9_1 Pin=U1-27
Added Net: Name=NetR9_1
Added Pin To Net: NetName=NetR10_1 Pin=U1-28
Added Net: Name=NetR10_1
Added Pin To Net: NetName=VCC Pin=J1-1
Added Pin To Net: NetName=VCC Pin=U1-2
Added Net: Name=VCC
Added Class: Name=Sheet1
Added Room: Name=Sheet1
